<?xml version="1.0" encoding="UTF-8"?>
<!-- Generated by org.testng.reporters.JUnitReportReporter -->
<testsuite hostname="TerryNote" name="com.terry.springconfig.test.dao.JobLogInfoDaoTest" tests="1" failures="0" timestamp="4 Mar 2015 06:04:19 GMT" time="0.007" errors="0">
  <testcase name="JobLogInfoDao_클래스의_insertJobLogInfo_메소드_테스트" time="0.007" classname="com.terry.springconfig.test.dao.JobLogInfoDaoTest"/>
</testsuite> <!-- com.terry.springconfig.test.dao.JobLogInfoDaoTest -->
