<?xml version="1.0" encoding="UTF-8"?>
<!-- Generated by org.testng.reporters.JUnitReportReporter -->
<testsuite hostname="TerryNote" name="com.terry.springjpa.repository.UnitedBoardRepositoryTest" tests="1" failures="0" timestamp="7 Apr 2016 07:34:09 GMT" time="31.827" errors="0">
  <testcase name="동영상게시판_사용자1_글수정" time="31.827" classname="com.terry.springjpa.repository.UnitedBoardRepositoryTest"/>
</testsuite> <!-- com.terry.springjpa.repository.UnitedBoardRepositoryTest -->
