<?xml version="1.0" encoding="UTF-8"?>
<!-- Generated by org.testng.reporters.JUnitReportReporter -->
<testsuite hostname="TerryNote" name="com.terry.springjpa.repository.MemberRepositoryTest" tests="8" failures="0" timestamp="31 Mar 2016 07:32:20 GMT" time="0.557" errors="0">
  <testcase name="회원삭제" time="0.022" classname="com.terry.springjpa.repository.MemberRepositoryTest"/>
  <testcase name="회원상세조회" time="0.018" classname="com.terry.springjpa.repository.MemberRepositoryTest"/>
  <testcase name="회원등록" time="0.161" classname="com.terry.springjpa.repository.MemberRepositoryTest"/>
  <testcase name="회원수정" time="0.029" classname="com.terry.springjpa.repository.MemberRepositoryTest"/>
  <testcase name="회원목록조회_idx정순" time="0.040" classname="com.terry.springjpa.repository.MemberRepositoryTest"/>
  <testcase name="회원목록조회_idx역순" time="0.028" classname="com.terry.springjpa.repository.MemberRepositoryTest"/>
  <testcase name="회원로그인아이디Like목록조회_idx정순" time="0.035" classname="com.terry.springjpa.repository.MemberRepositoryTest"/>
  <testcase name="회원로그인아이디Like목록조회_idx역순" time="0.224" classname="com.terry.springjpa.repository.MemberRepositoryTest"/>
</testsuite> <!-- com.terry.springjpa.repository.MemberRepositoryTest -->
