<?xml version="1.0" encoding="UTF-8"?>
<!-- Generated by org.testng.reporters.JUnitReportReporter -->
<testsuite hostname="TerryNote" name="com.terry.springconfig.dao.NotMemberBoardDaoTest" tests="6" failures="0" timestamp="4 Mar 2015 06:04:19 GMT" time="0.196" errors="0">
  <testcase name="NotMemberBoardDao_클래스의_deleteNotMemberBoard_메소드_테스트" time="0.012" classname="com.terry.springconfig.dao.NotMemberBoardDaoTest"/>
  <testcase name="NotMemberBoardDao_클래스의_selectNotMemberBoardDetail_메소드_테스트" time="0.010" classname="com.terry.springconfig.dao.NotMemberBoardDaoTest"/>
  <testcase name="NotMemberBoardDao_클래스의_selectNotMemberBoardCnt_메소드_테스트" time="0.100" classname="com.terry.springconfig.dao.NotMemberBoardDaoTest"/>
  <testcase name="NotMemberBoardDao_클래스의_insertNotMemberBoard_메소드_테스트" time="0.017" classname="com.terry.springconfig.dao.NotMemberBoardDaoTest"/>
  <testcase name="NotMemberBoardDao_클래스의_selectNotMemberBoardList_메소드_테스트" time="0.047" classname="com.terry.springconfig.dao.NotMemberBoardDaoTest"/>
  <testcase name="NotMemberBoardDao_클래스의_updateNotMemberBoard_메소드_테스트" time="0.010" classname="com.terry.springconfig.dao.NotMemberBoardDaoTest"/>
</testsuite> <!-- com.terry.springconfig.dao.NotMemberBoardDaoTest -->
