<?xml version="1.0" encoding="UTF-8"?>
<!-- Generated by org.testng.reporters.JUnitReportReporter -->
<testsuite hostname="TerryNote" name="com.terry.springjpa.repository.BoardTypeRepositoryTest" tests="6" failures="0" timestamp="7 Apr 2016 09:39:46 GMT" time="0.296" errors="0">
  <testcase name="게시판타입수정" time="0.042" classname="com.terry.springjpa.repository.BoardTypeRepositoryTest"/>
  <testcase name="게시판타입목록조회_idx역순" time="0.051" classname="com.terry.springjpa.repository.BoardTypeRepositoryTest"/>
  <testcase name="게시판타입목록조회_idx정순" time="0.018" classname="com.terry.springjpa.repository.BoardTypeRepositoryTest"/>
  <testcase name="게시판타입삭제" time="0.034" classname="com.terry.springjpa.repository.BoardTypeRepositoryTest"/>
  <testcase name="게시판타입등록" time="0.136" classname="com.terry.springjpa.repository.BoardTypeRepositoryTest"/>
  <testcase name="게시판타입상세조회" time="0.015" classname="com.terry.springjpa.repository.BoardTypeRepositoryTest"/>
</testsuite> <!-- com.terry.springjpa.repository.BoardTypeRepositoryTest -->
