<?xml version="1.0" encoding="UTF-8"?>
<!-- Generated by org.testng.reporters.JUnitReportReporter -->
<testsuite hostname="TerryNote" name="com.terry.springconfig.test.config.JdbcTemplateTest" tests="4" failures="0" timestamp="4 Mar 2015 06:28:04 GMT" time="0.227" errors="0">
  <testcase name="jdbcTemplate_테이블_Insert_한뒤_Select_체크" time="0.059" classname="com.terry.springconfig.test.config.JdbcTemplateTest"/>
  <testcase name="jdbcTemplate_테이블_Insert후_Update한뒤_Select_체크" time="0.145" classname="com.terry.springconfig.test.config.JdbcTemplateTest"/>
  <testcase name="jdbcTemplate_테이블_Insert전_Select_체크" time="0.010" classname="com.terry.springconfig.test.config.JdbcTemplateTest"/>
  <testcase name="jdbcTemplate_Injection_체크" time="0.013" classname="com.terry.springconfig.test.config.JdbcTemplateTest"/>
</testsuite> <!-- com.terry.springconfig.test.config.JdbcTemplateTest -->
