<?xml version="1.0" encoding="UTF-8"?>
<!-- Generated by org.testng.reporters.JUnitReportReporter -->
<testsuite hostname="TerryPC" name="com.terry.springjpa.repository.UnitedBoardRepositoryTest" tests="1" failures="0" timestamp="7 Apr 2016 18:27:31 GMT" time="0.347" errors="0">
  <testcase name="자유게시판_사용자2_글수정" time="0.347" classname="com.terry.springjpa.repository.UnitedBoardRepositoryTest"/>
</testsuite> <!-- com.terry.springjpa.repository.UnitedBoardRepositoryTest -->
