<?xml version="1.0" encoding="UTF-8"?>
<!-- Generated by org.testng.reporters.JUnitReportReporter -->
<testsuite hostname="TerryNote" name="com.terry.springjpa.repository.UnitedBoardCommentRepositoryTest" tests="4" failures="0" timestamp="5 Apr 2016 08:25:14 GMT" time="0.371" errors="0">
  <testcase name="자유게시판_댓글등록" time="0.229" classname="com.terry.springjpa.repository.UnitedBoardCommentRepositoryTest"/>
  <testcase name="자유게시판_댓글수정" time="0.041" classname="com.terry.springjpa.repository.UnitedBoardCommentRepositoryTest"/>
  <testcase name="자유게시판_댓글삭제" time="0.022" classname="com.terry.springjpa.repository.UnitedBoardCommentRepositoryTest"/>
  <testcase name="자유게시판_댓글목록_조회" time="0.079" classname="com.terry.springjpa.repository.UnitedBoardCommentRepositoryTest"/>
</testsuite> <!-- com.terry.springjpa.repository.UnitedBoardCommentRepositoryTest -->
