<?xml version="1.0" encoding="UTF-8"?>
<!-- Generated by org.testng.reporters.JUnitReportReporter -->
<testsuite hostname="TerryNote" name="com.terry.springconfig.test.config.ProfileAndPropertiesTest" tests="1" failures="0" timestamp="15 Mar 2015 06:52:26 GMT" time="0.011" errors="0">
  <testcase name="production_Profile_Property_체크" time="0.011" classname="com.terry.springconfig.test.config.ProfileAndPropertiesTest"/>
</testsuite> <!-- com.terry.springconfig.test.config.ProfileAndPropertiesTest -->
