<?xml version="1.0" encoding="UTF-8"?>
<!-- Generated by org.testng.reporters.JUnitReportReporter -->
<testsuite hostname="TerryNote" name="com.terry.springjpa.repository.BoardTypeRepositoryTest" tests="6" failures="0" timestamp="31 Mar 2016 07:34:25 GMT" time="0.390" errors="0">
  <testcase name="게시판타입목록조회_idx역순" time="0.198" classname="com.terry.springjpa.repository.BoardTypeRepositoryTest"/>
  <testcase name="게시판타입목록조회_idx정순" time="0.018" classname="com.terry.springjpa.repository.BoardTypeRepositoryTest"/>
  <testcase name="게시판타입등록" time="0.084" classname="com.terry.springjpa.repository.BoardTypeRepositoryTest"/>
  <testcase name="게시판타입삭제" time="0.049" classname="com.terry.springjpa.repository.BoardTypeRepositoryTest"/>
  <testcase name="게시판타입수정" time="0.019" classname="com.terry.springjpa.repository.BoardTypeRepositoryTest"/>
  <testcase name="게시판타입상세조회" time="0.022" classname="com.terry.springjpa.repository.BoardTypeRepositoryTest"/>
</testsuite> <!-- com.terry.springjpa.repository.BoardTypeRepositoryTest -->
